10:40:47.640 [main] INFO  resources.base - Kindle Edition available
10:40:47.746 [main] INFO  resources.base - Book is not a Best Seller.
10:40:47.831 [main] INFO  resources.base - ASIN : 1408855658
10:40:47.877 [main] INFO  resources.base - Publisher : Bloomsbury Children's Books; 1st edition (1 Sept. 2014)
10:40:47.925 [main] INFO  resources.base - Language : English
10:40:47.972 [main] INFO  resources.base - Paperback : 352 pages
10:40:48.019 [main] INFO  resources.base - ISBN-10 : 9781408855652
10:40:48.066 [main] INFO  resources.base - ISBN-13 : 978-1408855652
10:40:48.114 [main] INFO  resources.base - Reading age : 9 - 11 years
10:40:48.162 [main] INFO  resources.base - Dimensions : 12.9 x 2.3 x 19.7 cm
10:40:48.212 [main] INFO  resources.base - Best Sellers Rank: 80 in Books (See Top 100 in Books)
1 in Chapter Books for Children
3 in Contemporary Fantasy for Young Adults
7 in Action & Adventure for Children (Books)
10:40:48.272 [main] INFO  resources.base - 1 in Chapter Books for Children
10:40:48.324 [main] INFO  resources.base - 3 in Contemporary Fantasy for Young Adults
10:40:48.378 [main] INFO  resources.base - 7 in Action & Adventure for Children (Books)
10:40:48.429 [main] INFO  resources.base - Customer reviews:
32,018 ratings
10:40:50.805 [main] INFO  resources.base - Testcase pass - Validating End to End scenario.
10:41:39.228 [main] INFO  resources.base - Kindle Edition available
10:41:39.285 [main] INFO  resources.base - Book is not a Best Seller.
10:41:39.363 [main] INFO  resources.base - ASIN : 1408855658
10:41:39.411 [main] INFO  resources.base - Publisher : Bloomsbury Children's Books; 1st edition (1 Sept. 2014)
10:41:39.458 [main] INFO  resources.base - Language : English
10:41:39.506 [main] INFO  resources.base - Paperback : 352 pages
10:41:39.552 [main] INFO  resources.base - ISBN-10 : 9781408855652
10:41:39.607 [main] INFO  resources.base - ISBN-13 : 978-1408855652
10:41:39.662 [main] INFO  resources.base - Reading age : 9 - 11 years
10:41:39.708 [main] INFO  resources.base - Dimensions : 12.9 x 2.3 x 19.7 cm
10:41:39.757 [main] INFO  resources.base - Best Sellers Rank: 80 in Books (See Top 100 in Books)
1 in Chapter Books for Children
3 in Contemporary Fantasy for Young Adults
7 in Action & Adventure for Children (Books)
10:41:39.823 [main] INFO  resources.base - 1 in Chapter Books for Children
10:41:39.888 [main] INFO  resources.base - 3 in Contemporary Fantasy for Young Adults
10:41:39.941 [main] INFO  resources.base - 7 in Action & Adventure for Children (Books)
10:41:39.990 [main] INFO  resources.base - Customer reviews:
32,018 ratings
10:41:41.762 [main] INFO  resources.base - Testcase pass - Validating End to End scenario.
10:44:01.234 [main] INFO  resources.base - Kindle Edition available
10:44:01.332 [main] INFO  resources.base - Book is not a Best Seller.
10:44:01.406 [main] INFO  resources.base - ASIN : 1408855658
10:44:01.456 [main] INFO  resources.base - Publisher : Bloomsbury Children's Books; 1st edition (1 Sept. 2014)
10:44:01.503 [main] INFO  resources.base - Language : English
10:44:01.554 [main] INFO  resources.base - Paperback : 352 pages
10:44:01.609 [main] INFO  resources.base - ISBN-10 : 9781408855652
10:44:01.656 [main] INFO  resources.base - ISBN-13 : 978-1408855652
10:44:01.702 [main] INFO  resources.base - Reading age : 9 - 11 years
10:44:01.750 [main] INFO  resources.base - Dimensions : 12.9 x 2.3 x 19.7 cm
10:44:01.801 [main] INFO  resources.base - Best Sellers Rank: 80 in Books (See Top 100 in Books)
1 in Chapter Books for Children
3 in Contemporary Fantasy for Young Adults
7 in Action & Adventure for Children (Books)
10:44:01.846 [main] INFO  resources.base - 1 in Chapter Books for Children
10:44:01.895 [main] INFO  resources.base - 3 in Contemporary Fantasy for Young Adults
10:44:01.941 [main] INFO  resources.base - 7 in Action & Adventure for Children (Books)
10:44:01.991 [main] INFO  resources.base - Customer reviews:
32,018 ratings
10:44:07.495 [main] INFO  resources.base - Testcase pass - Validating End to End scenario.
10:44:31.422 [main] INFO  resources.base - Kindle Edition available
10:44:31.478 [main] INFO  resources.base - Book is not a Best Seller.
10:44:31.558 [main] INFO  resources.base - ASIN : 1408855658
10:44:31.605 [main] INFO  resources.base - Publisher : Bloomsbury Children's Books; 1st edition (1 Sept. 2014)
10:44:31.650 [main] INFO  resources.base - Language : English
10:44:31.697 [main] INFO  resources.base - Paperback : 352 pages
10:44:31.745 [main] INFO  resources.base - ISBN-10 : 9781408855652
10:44:31.791 [main] INFO  resources.base - ISBN-13 : 978-1408855652
10:44:31.838 [main] INFO  resources.base - Reading age : 9 - 11 years
10:44:31.885 [main] INFO  resources.base - Dimensions : 12.9 x 2.3 x 19.7 cm
10:44:31.935 [main] INFO  resources.base - Best Sellers Rank: 80 in Books (See Top 100 in Books)
1 in Chapter Books for Children
3 in Contemporary Fantasy for Young Adults
7 in Action & Adventure for Children (Books)
